<?xml version="1.0" encoding="UTF-8"?>
<testng-results skipped="0" failed="0" total="3" passed="3">
  <reporter-output>
  </reporter-output>
  <suite name="Smoke Test" duration-ms="26967" started-at="2016-02-08T14:03:28Z" finished-at="2016-02-08T14:03:55Z">
    <groups>
    </groups>
    <test name="Smoke Test" duration-ms="26967" started-at="2016-02-08T14:03:28Z" finished-at="2016-02-08T14:03:55Z">
      <class name="com.RAC.TestCases.TestProgram">
        <test-method status="PASS" signature="initialize()[pri:0, instance:com.RAC.TestCases.TestProgram@7364985f]" name="initialize" is-config="true" duration-ms="3422" started-at="2016-02-08T08:03:28Z" finished-at="2016-02-08T08:03:31Z">
          <reporter-output>
          </reporter-output>
        </test-method> <!-- initialize -->
        <test-method status="PASS" signature="homePage(java.lang.String)[pri:0, instance:com.RAC.TestCases.TestProgram@7364985f]" name="homePage" duration-ms="13840" started-at="2016-02-08T08:03:32Z" data-provider="Email" finished-at="2016-02-08T08:03:46Z">
          <params>
            <param index="0">
              <value>
                <![CDATA[EmailID]]>
              </value>
            </param>
          </params>
          <reporter-output>
          </reporter-output>
        </test-method> <!-- homePage -->
        <test-method status="PASS" signature="homePage(java.lang.String)[pri:0, instance:com.RAC.TestCases.TestProgram@7364985f]" name="homePage" duration-ms="4927" started-at="2016-02-08T08:03:46Z" data-provider="Email" finished-at="2016-02-08T08:03:51Z">
          <params>
            <param index="0">
              <value>
                <![CDATA[firstmember@gmail.com]]>
              </value>
            </param>
          </params>
          <reporter-output>
          </reporter-output>
        </test-method> <!-- homePage -->
        <test-method status="PASS" signature="homePage(java.lang.String)[pri:0, instance:com.RAC.TestCases.TestProgram@7364985f]" name="homePage" duration-ms="3910" started-at="2016-02-08T08:03:51Z" data-provider="Email" finished-at="2016-02-08T08:03:55Z">
          <params>
            <param index="0">
              <value>
                <![CDATA[secondmember@gmail.com]]>
              </value>
            </param>
          </params>
          <reporter-output>
          </reporter-output>
        </test-method> <!-- homePage -->
        <test-method status="PASS" signature="close()[pri:0, instance:com.RAC.TestCases.TestProgram@7364985f]" name="close" is-config="true" duration-ms="140" started-at="2016-02-08T08:03:55Z" finished-at="2016-02-08T08:03:55Z">
          <reporter-output>
          </reporter-output>
        </test-method> <!-- close -->
      </class> <!-- com.RAC.TestCases.TestProgram -->
    </test> <!-- Smoke Test -->
  </suite> <!-- Smoke Test -->
</testng-results>
