<?xml version="1.0" encoding="UTF-8"?>
<!-- Generated by org.testng.reporters.JUnitXMLReporter -->
<testsuite hostname="Bharaths-MacBook-Pro.local" name="Smoke Test" tests="3" failures="0" timestamp="8 Feb 2016 14:03:55 GMT" time="26.967" errors="0">
  <testcase name="homePage" time="13.84" classname="com.RAC.TestCases.TestProgram"/>
  <testcase name="homePage" time="4.927" classname="com.RAC.TestCases.TestProgram"/>
  <testcase name="homePage" time="3.91" classname="com.RAC.TestCases.TestProgram"/>
</testsuite> <!-- Smoke Test -->
